<?xml version="1.0" encoding="UTF-8"?>
<testng-results skipped="1" failed="1" ignored="0" total="3" passed="1">
  <reporter-output/>
  <suite name="Regression" duration-ms="45">
    <groups/>
    <test name="LoginTests" duration-ms="45">
      <class name="com.example.LoginTest">
        <test-method status="PASS" signature="loginSucceeds()" name="loginSucceeds" duration-ms="20"/>
        <test-method status="FAIL" signature="loginFailsWithBadPassword()" name="loginFailsWithBadPassword" duration-ms="15">
          <exception class="java.lang.AssertionError">
            <message><![CDATA[expected [true] but found [false]]]></message>
            <full-stacktrace><![CDATA[java.lang.AssertionError: expected [true] but found [false]
	at com.example.LoginTest.loginFailsWithBadPassword(LoginTest.java:42)]]></full-stacktrace>
          </exception>
        </test-method>
        <test-method status="SKIP" signature="loginWithSso()" name="loginWithSso" duration-ms="0"/>
        <test-method status="PASS" is-config="true" signature="setUp()" name="setUp" duration-ms="5"/>
      </class>
    </test>
  </suite>
</testng-results>
